<?xml version="1.0" encoding="UTF-8"?>
<robot generator="Robot 3.0.2 (Python 3.5.2 on win32)" generated="20170609 19:38:50.358">
<suite source="C:\Users\tsaytieva\Documents\Python\OneDayAPITestsRobot\Tests\Authentication.robot" name="Authentication" id="s1">
<test name="User should be able authenticate with valid credentials" id="s1-t1">
<kw name="Given User's valid credentials">
<kw name="Get user's credentials">
<arguments>
<arg>${VALID_USERNAME}</arg>
<arg>${VALID_PASSWORD}</arg>
</arguments>
<kw library="BuiltIn" name="Create List">
<doc>Returns a list containing given items.</doc>
<arguments>
<arg>${username}</arg>
<arg>${password}</arg>
</arguments>
<assign>
<var>${credentials}</var>
</assign>
<msg timestamp="20170609 19:38:50.510" level="INFO">${credentials} = ['d@d.co', 'qqqqqq']</msg>
<status endtime="20170609 19:38:50.510" starttime="20170609 19:38:50.509" status="PASS"></status>
</kw>
<kw library="BuiltIn" name="Set Test Variable">
<doc>Makes a variable available everywhere within the scope of the current test.</doc>
<arguments>
<arg>${credentials}</arg>
</arguments>
<msg timestamp="20170609 19:38:50.510" level="INFO">${credentials} = ['d@d.co', 'qqqqqq']</msg>
<status endtime="20170609 19:38:50.510" starttime="20170609 19:38:50.510" status="PASS"></status>
</kw>
<status endtime="20170609 19:38:50.510" starttime="20170609 19:38:50.509" status="PASS"></status>
</kw>
<status endtime="20170609 19:38:50.510" starttime="20170609 19:38:50.508" status="PASS"></status>
</kw>
<kw name="When User Authenticates With Credentials">
<arguments>
<arg>${credentials}</arg>
</arguments>
<kw library="RequestsLibrary" name="Create Session">
<doc>Create Session: create a HTTP session to a server</doc>
<arguments>
<arg>server_session</arg>
<arg>${SERVER}</arg>
<arg>auth=${credentials}</arg>
</arguments>
<msg timestamp="20170609 19:38:50.511" level="INFO">Creating Session using : alias=server_session, url=http://cms-st.oneday.com, headers={},                     cookies=None, auth=&lt;requests.auth.HTTPBasicAuth object at 0x0000013E83ACD358&gt;, timeout=None, proxies=None, verify=False,                     debug=0 </msg>
<status endtime="20170609 19:38:50.512" starttime="20170609 19:38:50.511" status="PASS"></status>
</kw>
<kw library="RequestsLibrary" name="Post Request">
<doc>Send a POST request on the session object found using the</doc>
<arguments>
<arg>server_session</arg>
<arg>/api/v2/authenticate</arg>
</arguments>
<assign>
<var>${auth_resp}</var>
</assign>
<msg timestamp="20170609 19:38:51.087" level="INFO">Post Request using : alias=server_session, uri=/api/v2/authenticate, data=&lt;empty&gt;, headers=None, files=None, allow_redirects=True </msg>
<msg timestamp="20170609 19:38:51.088" level="INFO">${auth_resp} = &lt;Response [200]&gt;</msg>
<status endtime="20170609 19:38:51.088" starttime="20170609 19:38:50.512" status="PASS"></status>
</kw>
<kw library="BuiltIn" name="Set Test Variable">
<doc>Makes a variable available everywhere within the scope of the current test.</doc>
<arguments>
<arg>${auth_resp}</arg>
</arguments>
<msg timestamp="20170609 19:38:51.091" level="INFO">${auth_resp} = &lt;Response [200]&gt;</msg>
<status endtime="20170609 19:38:51.091" starttime="20170609 19:38:51.089" status="PASS"></status>
</kw>
<status endtime="20170609 19:38:51.092" starttime="20170609 19:38:50.511" status="PASS"></status>
</kw>
<kw name="Then Authentication Should Have Succeded">
<kw library="BuiltIn" name="Should Be Equal As Strings">
<doc>Fails if objects are unequal after converting them to strings.</doc>
<arguments>
<arg>${auth_resp.status_code}</arg>
<arg>200</arg>
</arguments>
<msg timestamp="20170609 19:38:51.096" level="INFO">Argument types are:
&lt;class 'int'&gt;
&lt;type 'unicode'&gt;</msg>
<status endtime="20170609 19:38:51.096" starttime="20170609 19:38:51.094" status="PASS"></status>
</kw>
<kw library="BuiltIn" name="Should Be Equal As Strings">
<doc>Fails if objects are unequal after converting them to strings.</doc>
<arguments>
<arg>${auth_resp.json()}</arg>
<arg>Authorized</arg>
</arguments>
<status endtime="20170609 19:38:51.099" starttime="20170609 19:38:51.097" status="PASS"></status>
</kw>
<status endtime="20170609 19:38:51.099" starttime="20170609 19:38:51.092" status="PASS"></status>
</kw>
<doc>Client can authenticate using valid credentials and basic authentication</doc>
<tags>
<tag>APIAuthentication</tag>
</tags>
<status critical="yes" endtime="20170609 19:38:51.100" starttime="20170609 19:38:50.508" status="PASS"></status>
</test>
<test name="User shouldn't be able to authenticate with invalid credentials" id="s1-t2">
<kw name="Given User's invalid credentials">
<kw name="Get user's credentials">
<arguments>
<arg>${INVALID_USERNAME}</arg>
<arg>${INVALID_PASSWORD}</arg>
</arguments>
<kw library="BuiltIn" name="Create List">
<doc>Returns a list containing given items.</doc>
<arguments>
<arg>${username}</arg>
<arg>${password}</arg>
</arguments>
<assign>
<var>${credentials}</var>
</assign>
<msg timestamp="20170609 19:38:51.105" level="INFO">${credentials} = ['d@d.com', 'qqqqqq']</msg>
<status endtime="20170609 19:38:51.105" starttime="20170609 19:38:51.104" status="PASS"></status>
</kw>
<kw library="BuiltIn" name="Set Test Variable">
<doc>Makes a variable available everywhere within the scope of the current test.</doc>
<arguments>
<arg>${credentials}</arg>
</arguments>
<msg timestamp="20170609 19:38:51.106" level="INFO">${credentials} = ['d@d.com', 'qqqqqq']</msg>
<status endtime="20170609 19:38:51.106" starttime="20170609 19:38:51.106" status="PASS"></status>
</kw>
<status endtime="20170609 19:38:51.107" starttime="20170609 19:38:51.103" status="PASS"></status>
</kw>
<status endtime="20170609 19:38:51.107" starttime="20170609 19:38:51.102" status="PASS"></status>
</kw>
<kw name="When User Authenticates With Credentials">
<arguments>
<arg>${credentials}</arg>
</arguments>
<kw library="RequestsLibrary" name="Create Session">
<doc>Create Session: create a HTTP session to a server</doc>
<arguments>
<arg>server_session</arg>
<arg>${SERVER}</arg>
<arg>auth=${credentials}</arg>
</arguments>
<msg timestamp="20170609 19:38:51.108" level="INFO">Creating Session using : alias=server_session, url=http://cms-st.oneday.com, headers={},                     cookies=None, auth=&lt;requests.auth.HTTPBasicAuth object at 0x0000013E83B05240&gt;, timeout=None, proxies=None, verify=False,                     debug=0 </msg>
<status endtime="20170609 19:38:51.109" starttime="20170609 19:38:51.108" status="PASS"></status>
</kw>
<kw library="RequestsLibrary" name="Post Request">
<doc>Send a POST request on the session object found using the</doc>
<arguments>
<arg>server_session</arg>
<arg>/api/v2/authenticate</arg>
</arguments>
<assign>
<var>${auth_resp}</var>
</assign>
<msg timestamp="20170609 19:38:51.516" level="INFO">Post Request using : alias=server_session, uri=/api/v2/authenticate, data=&lt;empty&gt;, headers=None, files=None, allow_redirects=True </msg>
<msg timestamp="20170609 19:38:51.517" level="INFO">${auth_resp} = &lt;Response [401]&gt;</msg>
<status endtime="20170609 19:38:51.517" starttime="20170609 19:38:51.109" status="PASS"></status>
</kw>
<kw library="BuiltIn" name="Set Test Variable">
<doc>Makes a variable available everywhere within the scope of the current test.</doc>
<arguments>
<arg>${auth_resp}</arg>
</arguments>
<msg timestamp="20170609 19:38:51.519" level="INFO">${auth_resp} = &lt;Response [401]&gt;</msg>
<status endtime="20170609 19:38:51.520" starttime="20170609 19:38:51.518" status="PASS"></status>
</kw>
<status endtime="20170609 19:38:51.520" starttime="20170609 19:38:51.107" status="PASS"></status>
</kw>
<kw name="Then Autentication Should Fail">
<kw library="BuiltIn" name="Should Be Equal As Strings">
<doc>Fails if objects are unequal after converting them to strings.</doc>
<arguments>
<arg>${auth_resp.status_code}</arg>
<arg>401</arg>
</arguments>
<msg timestamp="20170609 19:38:51.523" level="INFO">Argument types are:
&lt;class 'int'&gt;
&lt;type 'unicode'&gt;</msg>
<status endtime="20170609 19:38:51.523" starttime="20170609 19:38:51.522" status="PASS"></status>
</kw>
<status endtime="20170609 19:38:51.524" starttime="20170609 19:38:51.521" status="PASS"></status>
</kw>
<status critical="yes" endtime="20170609 19:38:51.524" starttime="20170609 19:38:51.101" status="PASS"></status>
</test>
<status endtime="20170609 19:38:51.525" starttime="20170609 19:38:50.360" status="PASS"></status>
</suite>
<statistics>
<total>
<stat fail="0" pass="2">Critical Tests</stat>
<stat fail="0" pass="2">All Tests</stat>
</total>
<tag>
<stat pass="1" fail="0">APIAuthentication</stat>
</tag>
<suite>
<stat fail="0" pass="2" id="s1" name="Authentication">Authentication</stat>
</suite>
</statistics>
<errors>
</errors>
</robot>
